<?xml version="1.0" encoding="UTF-8"?>
<testng-results skipped="0" failed="0" total="2" passed="2">
  <reporter-output>
  </reporter-output>
  <suite name="Suite" duration-ms="29128" started-at="2020-09-18T06:40:11Z" finished-at="2020-09-18T06:40:41Z">
    <groups>
      <group name="cucumber">
        <method signature="AbstractTestNGCucumberTests.feature(cucumber.api.testng.CucumberFeatureWrapper)[pri:0, instance:Report_Package.Report_Runner@f6c48ac]" name="feature" class="cucumber.api.testng.AbstractTestNGCucumberTests"/>
        <method signature="AbstractTestNGCucumberTests.feature(cucumber.api.testng.CucumberFeatureWrapper)[pri:0, instance:Report_Package.Report_Runner@ff5b51f]" name="feature" class="cucumber.api.testng.AbstractTestNGCucumberTests"/>
      </group> <!-- cucumber -->
    </groups>
    <test name="Chrome test" duration-ms="13286" started-at="2020-09-18T06:40:11Z" finished-at="2020-09-18T06:40:25Z">
      <class name="Report_Package.Report_Runner">
        <test-method status="PASS" signature="beforeSuite(java.lang.String)[pri:0, instance:Report_Package.Report_Runner@f6c48ac]" name="beforeSuite" is-config="true" duration-ms="14" started-at="2020-09-18T12:10:11Z" finished-at="2020-09-18T12:10:12Z">
          <params>
            <param index="0">
              <value>
                <![CDATA[chrome]]>
              </value>
            </param>
          </params>
          <reporter-output>
          </reporter-output>
        </test-method> <!-- beforeSuite -->
        <test-method status="PASS" signature="setUpClass()[pri:0, instance:Report_Package.Report_Runner@f6c48ac]" name="setUpClass" is-config="true" duration-ms="275" started-at="2020-09-18T12:10:12Z" finished-at="2020-09-18T12:10:12Z">
          <reporter-output>
          </reporter-output>
        </test-method> <!-- setUpClass -->
        <test-method status="PASS" signature="feature(cucumber.api.testng.CucumberFeatureWrapper)[pri:0, instance:Report_Package.Report_Runner@f6c48ac]" name="feature" duration-ms="12612" started-at="2020-09-18T12:10:12Z" description="Runs Cucumber Feature" data-provider="features" finished-at="2020-09-18T12:10:24Z">
          <params>
            <param index="0">
              <value>
                <![CDATA[Testing Logs and report]]>
              </value>
            </param>
          </params>
          <reporter-output>
          </reporter-output>
        </test-method> <!-- feature -->
        <test-method status="FAIL" signature="writeExtentReport()[pri:0, instance:Report_Package.Report_Runner@f6c48ac]" name="writeExtentReport" is-config="true" duration-ms="0" started-at="2020-09-18T12:10:24Z" finished-at="2020-09-18T12:10:24Z">
          <exception class="java.lang.NoSuchMethodError">
            <message>
              <![CDATA[com.aventstack.extentreports.reporter.ExtentHtmlReporter.loadXMLConfig(Ljava/io/File;)V]]>
            </message>
            <full-stacktrace>
              <![CDATA[java.lang.NoSuchMethodError: com.aventstack.extentreports.reporter.ExtentHtmlReporter.loadXMLConfig(Ljava/io/File;)V
	at com.cucumber.listener.Reporter.loadXMLConfig(Reporter.java:56)
	at Report_Package.Report_Runner.writeExtentReport(Report_Runner.java:74)
	at sun.reflect.NativeMethodAccessorImpl.invoke0(Native Method)
	at sun.reflect.NativeMethodAccessorImpl.invoke(Unknown Source)
	at sun.reflect.DelegatingMethodAccessorImpl.invoke(Unknown Source)
	at java.lang.reflect.Method.invoke(Unknown Source)
	at org.testng.internal.MethodInvocationHelper.invokeMethod(MethodInvocationHelper.java:84)
	at org.testng.internal.Invoker.invokeConfigurationMethod(Invoker.java:564)
	at org.testng.internal.Invoker.invokeConfigurations(Invoker.java:213)
	at org.testng.internal.Invoker.invokeConfigurations(Invoker.java:138)
	at org.testng.internal.TestMethodWorker.invokeAfterClassMethods(TestMethodWorker.java:225)
	at org.testng.internal.TestMethodWorker.run(TestMethodWorker.java:114)
	at java.util.concurrent.ThreadPoolExecutor.runWorker(Unknown Source)
	at java.util.concurrent.ThreadPoolExecutor$Worker.run(Unknown Source)
	at java.lang.Thread.run(Unknown Source)
]]>
            </full-stacktrace>
          </exception> <!-- java.lang.NoSuchMethodError -->
          <reporter-output>
          </reporter-output>
        </test-method> <!-- writeExtentReport -->
        <test-method status="PASS" signature="tearDownClass()[pri:0, instance:Report_Package.Report_Runner@f6c48ac]" name="tearDownClass" is-config="true" duration-ms="283" started-at="2020-09-18T12:10:24Z" finished-at="2020-09-18T12:10:25Z">
          <reporter-output>
          </reporter-output>
        </test-method> <!-- tearDownClass -->
      </class> <!-- Report_Package.Report_Runner -->
    </test> <!-- Chrome test -->
    <test name="Edge test" duration-ms="15823" started-at="2020-09-18T06:40:25Z" finished-at="2020-09-18T06:40:41Z">
      <class name="Report_Package.Report_Runner">
        <test-method status="PASS" signature="beforeSuite(java.lang.String)[pri:0, instance:Report_Package.Report_Runner@ff5b51f]" name="beforeSuite" is-config="true" duration-ms="0" started-at="2020-09-18T12:10:25Z" finished-at="2020-09-18T12:10:25Z">
          <params>
            <param index="0">
              <value>
                <![CDATA[edge]]>
              </value>
            </param>
          </params>
          <reporter-output>
          </reporter-output>
        </test-method> <!-- beforeSuite -->
        <test-method status="PASS" signature="setUpClass()[pri:0, instance:Report_Package.Report_Runner@ff5b51f]" name="setUpClass" is-config="true" duration-ms="20" started-at="2020-09-18T12:10:25Z" finished-at="2020-09-18T12:10:25Z">
          <reporter-output>
          </reporter-output>
        </test-method> <!-- setUpClass -->
        <test-method status="PASS" signature="feature(cucumber.api.testng.CucumberFeatureWrapper)[pri:0, instance:Report_Package.Report_Runner@ff5b51f]" name="feature" duration-ms="15721" started-at="2020-09-18T12:10:25Z" description="Runs Cucumber Feature" data-provider="features" finished-at="2020-09-18T12:10:41Z">
          <params>
            <param index="0">
              <value>
                <![CDATA[Testing Logs and report]]>
              </value>
            </param>
          </params>
          <reporter-output>
          </reporter-output>
        </test-method> <!-- feature -->
        <test-method status="FAIL" signature="writeExtentReport()[pri:0, instance:Report_Package.Report_Runner@ff5b51f]" name="writeExtentReport" is-config="true" duration-ms="0" started-at="2020-09-18T12:10:41Z" finished-at="2020-09-18T12:10:41Z">
          <exception class="java.lang.NoSuchMethodError">
            <message>
              <![CDATA[com.aventstack.extentreports.reporter.ExtentHtmlReporter.loadXMLConfig(Ljava/io/File;)V]]>
            </message>
            <full-stacktrace>
              <![CDATA[java.lang.NoSuchMethodError: com.aventstack.extentreports.reporter.ExtentHtmlReporter.loadXMLConfig(Ljava/io/File;)V
	at com.cucumber.listener.Reporter.loadXMLConfig(Reporter.java:56)
	at Report_Package.Report_Runner.writeExtentReport(Report_Runner.java:74)
	at sun.reflect.NativeMethodAccessorImpl.invoke0(Native Method)
	at sun.reflect.NativeMethodAccessorImpl.invoke(Unknown Source)
	at sun.reflect.DelegatingMethodAccessorImpl.invoke(Unknown Source)
	at java.lang.reflect.Method.invoke(Unknown Source)
	at org.testng.internal.MethodInvocationHelper.invokeMethod(MethodInvocationHelper.java:84)
	at org.testng.internal.Invoker.invokeConfigurationMethod(Invoker.java:564)
	at org.testng.internal.Invoker.invokeConfigurations(Invoker.java:213)
	at org.testng.internal.Invoker.invokeConfigurations(Invoker.java:138)
	at org.testng.internal.TestMethodWorker.invokeAfterClassMethods(TestMethodWorker.java:225)
	at org.testng.internal.TestMethodWorker.run(TestMethodWorker.java:114)
	at java.util.concurrent.ThreadPoolExecutor.runWorker(Unknown Source)
	at java.util.concurrent.ThreadPoolExecutor$Worker.run(Unknown Source)
	at java.lang.Thread.run(Unknown Source)
]]>
            </full-stacktrace>
          </exception> <!-- java.lang.NoSuchMethodError -->
          <reporter-output>
          </reporter-output>
        </test-method> <!-- writeExtentReport -->
        <test-method status="PASS" signature="tearDownClass()[pri:0, instance:Report_Package.Report_Runner@ff5b51f]" name="tearDownClass" is-config="true" duration-ms="72" started-at="2020-09-18T12:10:41Z" finished-at="2020-09-18T12:10:41Z">
          <reporter-output>
          </reporter-output>
        </test-method> <!-- tearDownClass -->
      </class> <!-- Report_Package.Report_Runner -->
    </test> <!-- Edge test -->
  </suite> <!-- Suite -->
</testng-results>
