<?xml version="1.0" encoding="UTF-8"?>
<!-- Generated by org.testng.reporters.JUnitXMLReporter -->
<testsuite hostname="DESKTOP-57P1JI0" name="Chrome test" tests="1" failures="0" timestamp="18 Sep 2020 06:40:25 GMT" time="13.286" errors="0">
  <testcase name="@AfterClass writeExtentReport" time="0.0" classname="Report_Package.Report_Runner">
    <failure type="java.lang.NoSuchMethodError" message="com.aventstack.extentreports.reporter.ExtentHtmlReporter.loadXMLConfig(Ljava/io/File;)V">
      <![CDATA[java.lang.NoSuchMethodError: com.aventstack.extentreports.reporter.ExtentHtmlReporter.loadXMLConfig(Ljava/io/File;)V
	at com.cucumber.listener.Reporter.loadXMLConfig(Reporter.java:56)
	at Report_Package.Report_Runner.writeExtentReport(Report_Runner.java:74)
	at java.util.concurrent.ThreadPoolExecutor.runWorker(Unknown Source)
	at java.util.concurrent.ThreadPoolExecutor$Worker.run(Unknown Source)
	at java.lang.Thread.run(Unknown Source)
... Removed 10 stack frames]]>
    </failure>
  </testcase> <!-- @AfterClass writeExtentReport -->
  <testcase name="feature" time="12.612" classname="Report_Package.Report_Runner"/>
</testsuite> <!-- Chrome test -->
